  ConsoleApplication1.cpp
D:\triod315\4 курс\PDC\Lab1_MMX\ConsoleApplication1\ConsoleApplication1.cpp(19,5): error C4235: nonstandard extension used: '__asm' keyword not supported on this architecture
D:\triod315\4 курс\PDC\Lab1_MMX\ConsoleApplication1\ConsoleApplication1.cpp(21,9): error C2065: 'mov': undeclared identifier
D:\triod315\4 курс\PDC\Lab1_MMX\ConsoleApplication1\ConsoleApplication1.cpp(21,17): error C2146: syntax error: missing ';' before identifier 'edx'
D:\triod315\4 курс\PDC\Lab1_MMX\ConsoleApplication1\ConsoleApplication1.cpp(21,17): error C2065: 'edx': undeclared identifier
D:\triod315\4 курс\PDC\Lab1_MMX\ConsoleApplication1\ConsoleApplication1.cpp(22,9): error C2146: syntax error: missing ';' before identifier 'mov'
D:\triod315\4 курс\PDC\Lab1_MMX\ConsoleApplication1\ConsoleApplication1.cpp(22,9): error C2065: 'mov': undeclared identifier
D:\triod315\4 курс\PDC\Lab1_MMX\ConsoleApplication1\ConsoleApplication1.cpp(22,17): error C2146: syntax error: missing ';' before identifier 'eax'
D:\triod315\4 курс\PDC\Lab1_MMX\ConsoleApplication1\ConsoleApplication1.cpp(22,17): error C2065: 'eax': undeclared identifier
D:\triod315\4 курс\PDC\Lab1_MMX\ConsoleApplication1\ConsoleApplication1.cpp(23,9): error C2146: syntax error: missing ';' before identifier 'sub'
D:\triod315\4 курс\PDC\Lab1_MMX\ConsoleApplication1\ConsoleApplication1.cpp(23,9): error C2065: 'sub': undeclared identifier
D:\triod315\4 курс\PDC\Lab1_MMX\ConsoleApplication1\ConsoleApplication1.cpp(23,17): error C2146: syntax error: missing ';' before identifier 'edx'
D:\triod315\4 курс\PDC\Lab1_MMX\ConsoleApplication1\ConsoleApplication1.cpp(23,17): error C2065: 'edx': undeclared identifier
D:\triod315\4 курс\PDC\Lab1_MMX\ConsoleApplication1\ConsoleApplication1.cpp(23,22): error C2065: 'eax': undeclared identifier
D:\triod315\4 курс\PDC\Lab1_MMX\ConsoleApplication1\ConsoleApplication1.cpp(24,9): error C2146: syntax error: missing ';' before identifier 'shr'
D:\triod315\4 курс\PDC\Lab1_MMX\ConsoleApplication1\ConsoleApplication1.cpp(24,9): error C2065: 'shr': undeclared identifier
D:\triod315\4 курс\PDC\Lab1_MMX\ConsoleApplication1\ConsoleApplication1.cpp(24,17): error C2146: syntax error: missing ';' before identifier 'edx'
D:\triod315\4 курс\PDC\Lab1_MMX\ConsoleApplication1\ConsoleApplication1.cpp(24,17): error C2065: 'edx': undeclared identifier
D:\triod315\4 курс\PDC\Lab1_MMX\ConsoleApplication1\ConsoleApplication1.cpp(26,9): error C2146: syntax error: missing ';' before identifier 'mov'
D:\triod315\4 курс\PDC\Lab1_MMX\ConsoleApplication1\ConsoleApplication1.cpp(26,9): error C2065: 'mov': undeclared identifier
D:\triod315\4 курс\PDC\Lab1_MMX\ConsoleApplication1\ConsoleApplication1.cpp(26,17): error C2146: syntax error: missing ';' before identifier 'edi'
D:\triod315\4 курс\PDC\Lab1_MMX\ConsoleApplication1\ConsoleApplication1.cpp(26,17): error C2065: 'edi': undeclared identifier
D:\triod315\4 курс\PDC\Lab1_MMX\ConsoleApplication1\ConsoleApplication1.cpp(26,27): error C2143: syntax error: missing ']' before '+'
D:\triod315\4 курс\PDC\Lab1_MMX\ConsoleApplication1\ConsoleApplication1.cpp(26,27): error C3481: 'eax': lambda capture variable not found
D:\triod315\4 курс\PDC\Lab1_MMX\ConsoleApplication1\ConsoleApplication1.cpp(26,27): error C3260: '+': skipping unexpected token(s) before lambda body
D:\triod315\4 курс\PDC\Lab1_MMX\ConsoleApplication1\ConsoleApplication1.cpp(61,5): error C4235: nonstandard extension used: '__asm' keyword not supported on this architecture
D:\triod315\4 курс\PDC\Lab1_MMX\ConsoleApplication1\ConsoleApplication1.cpp(64,1): error C3493: 'Lb' cannot be implicitly captured because no default capture mode has been specified
D:\triod315\4 курс\PDC\Lab1_MMX\ConsoleApplication1\ConsoleApplication1.cpp(65,1): error C3493: 'Ub' cannot be implicitly captured because no default capture mode has been specified
D:\triod315\4 курс\PDC\Lab1_MMX\ConsoleApplication1\ConsoleApplication1.cpp(88,1): error C2144: syntax error: 'int' should be preceded by ';'
D:\triod315\4 курс\PDC\Lab1_MMX\ConsoleApplication1\ConsoleApplication1.cpp(89,1): error C2601: 'main': local function definitions are illegal
D:\triod315\4 курс\PDC\Lab1_MMX\ConsoleApplication1\ConsoleApplication1.cpp(112,5): error C4235: nonstandard extension used: '__asm' keyword not supported on this architecture
D:\triod315\4 курс\PDC\Lab1_MMX\ConsoleApplication1\ConsoleApplication1.cpp(133,5): error C4235: nonstandard extension used: '__asm' keyword not supported on this architecture
D:\triod315\4 курс\PDC\Lab1_MMX\ConsoleApplication1\ConsoleApplication1.cpp(186,5): error C4235: nonstandard extension used: '__asm' keyword not supported on this architecture
D:\triod315\4 курс\PDC\Lab1_MMX\ConsoleApplication1\ConsoleApplication1.cpp(225,1): fatal error C1004: unexpected end-of-file found
